<?xml version="1.0" encoding="UTF-8"?>
<testng-results skipped="0" failed="0" ignored="0" total="1" passed="1">
  <reporter-output>
  </reporter-output>
  <suite name="Default suite" duration-ms="124" started-at="2022-03-15T15:16:35Z" finished-at="2022-03-15T15:16:35Z">
    <groups>
    </groups>
    <test name="Default test" duration-ms="124" started-at="2022-03-15T15:16:35Z" finished-at="2022-03-15T15:16:35Z">
      <class name="mvn.Rockstar">
        <test-method status="PASS" signature="rockstar()[pri:0, instance:mvn.Rockstar@18be83e4]" name="rockstar" duration-ms="32" started-at="2022-03-15T15:16:35Z" finished-at="2022-03-15T15:16:35Z">
          <reporter-output>
          </reporter-output>
        </test-method> <!-- rockstar -->
      </class> <!-- mvn.Rockstar -->
    </test> <!-- Default test -->
  </suite> <!-- Default suite -->
</testng-results>
